<?xml version="1.0" encoding="UTF-8"?>
<!-- Generated by org.testng.reporters.JUnitReportReporter -->
<testsuite hostname="SATYAM" failures="0" tests="1" name="AutomationInsent.InsentAI.Bot" time="24.044" errors="0" timestamp="7 Jun 2021 07:16:49 GMT">
  <testcase classname="AutomationInsent.InsentAI.Bot" name="BotTest" time="24.044"/>
</testsuite> <!-- AutomationInsent.InsentAI.Bot -->
