<?xml version="1.0" encoding="UTF-8"?>
<!-- Generated by org.testng.reporters.JUnitReportReporter -->
<testsuite hostname="SATYAM" failures="0" tests="1" name="AutomationInsent.InsentAI.BotInsentTest" time="24.716" errors="0" timestamp="9 Jun 2021 12:45:16 GMT">
  <testcase classname="AutomationInsent.InsentAI.BotInsentTest" name="BotTest" time="24.716"/>
</testsuite> <!-- AutomationInsent.InsentAI.BotInsentTest -->
