<?xml version="1.0" encoding="UTF-8"?>
<!-- Generated by org.testng.reporters.JUnitReportReporter -->
<testsuite hostname="SATYAM" failures="0" tests="2" name="AutomationInsent.InsentAI.loginTest" time="9.020" errors="0" timestamp="10 Jun 2021 14:35:24 GMT">
  <testcase classname="AutomationInsent.InsentAI.loginTest" name="Test1" time="7.714"/>
  <testcase classname="AutomationInsent.InsentAI.loginTest" name="Test1" time="1.306"/>
</testsuite> <!-- AutomationInsent.InsentAI.loginTest -->
