<?xml version="1.0" encoding="UTF-8"?>
<!-- Generated by org.testng.reporters.JUnitReportReporter -->
<testsuite hostname="SATYAM" failures="0" tests="1" name="AutomationInsent.InsentAI.ThreeTest" time="20.279" errors="0" timestamp="9 Jun 2021 12:45:15 GMT">
  <testcase classname="AutomationInsent.InsentAI.ThreeTest" name="Test3" time="20.279"/>
</testsuite> <!-- AutomationInsent.InsentAI.ThreeTest -->
