<?xml version="1.0" encoding="UTF-8"?>
<!-- Generated by org.testng.reporters.JUnitReportReporter -->
<testsuite hostname="SATYAM" failures="0" tests="1" name="AutomationInsent.InsentAI.FiveTest" time="24.887" errors="0" timestamp="9 Jun 2021 12:45:15 GMT">
  <testcase classname="AutomationInsent.InsentAI.FiveTest" name="Test5" time="24.887"/>
</testsuite> <!-- AutomationInsent.InsentAI.FiveTest -->
