<?xml version="1.0" encoding="UTF-8"?>
<!-- Generated by org.testng.reporters.JUnitReportReporter -->
<testsuite hostname="SATYAM" failures="0" tests="1" name="AutomationInsent.InsentAI.FourTest" time="19.851" errors="0" timestamp="9 Jun 2021 12:45:16 GMT">
  <testcase classname="AutomationInsent.InsentAI.FourTest" name="Test4" time="19.851"/>
</testsuite> <!-- AutomationInsent.InsentAI.FourTest -->
