<?xml version="1.0" encoding="UTF-8"?>
<!-- Generated by org.testng.reporters.JUnitReportReporter -->
<testsuite hostname="SATYAM" failures="0" tests="1" name="AutomationInsent.InsentAI.Bottest" time="27.380" errors="0" timestamp="7 Jun 2021 08:57:27 GMT">
  <testcase classname="AutomationInsent.InsentAI.Bottest" name="BotTest" time="27.380"/>
</testsuite> <!-- AutomationInsent.InsentAI.Bottest -->
