<?xml version="1.0" encoding="UTF-8"?>
<!-- Generated by org.testng.reporters.JUnitReportReporter -->
<testsuite hostname="SATYAM" name="AutomationInsent.InsentAI.FourTest" tests="1" failures="0" timestamp="6 Jun 2021 06:48:30 GMT" time="21.223" errors="0">
  <testcase name="Test4" time="21.223" classname="AutomationInsent.InsentAI.FourTest"/>
</testsuite> <!-- AutomationInsent.InsentAI.FourTest -->
