<?xml version="1.0" encoding="UTF-8"?>
<!-- Generated by org.testng.reporters.JUnitReportReporter -->
<testsuite hostname="SATYAM" name="AutomationInsent.InsentAI.ThreeTest" tests="1" failures="0" timestamp="6 Jun 2021 06:48:30 GMT" time="23.381" errors="0">
  <testcase name="Test3" time="23.381" classname="AutomationInsent.InsentAI.ThreeTest"/>
</testsuite> <!-- AutomationInsent.InsentAI.ThreeTest -->
