<?xml version="1.0" encoding="UTF-8"?>
<!-- Generated by org.testng.reporters.JUnitReportReporter -->
<testsuite hostname="SATYAM" name="AutomationInsent.InsentAI.loginTest" tests="3" failures="0" timestamp="6 Jun 2021 06:48:30 GMT" time="49.343" errors="0">
  <testcase name="Login3" time="18.373" classname="AutomationInsent.InsentAI.loginTest"/>
  <testcase name="Login1" time="14.748" classname="AutomationInsent.InsentAI.loginTest"/>
  <testcase name="Login2" time="16.222" classname="AutomationInsent.InsentAI.loginTest"/>
</testsuite> <!-- AutomationInsent.InsentAI.loginTest -->
