<?xml version="1.0" encoding="UTF-8"?>
<!-- Generated by org.testng.reporters.JUnitReportReporter -->
<testsuite hostname="SATYAM" name="AutomationInsent.InsentAI.SecondTest" tests="1" failures="0" timestamp="6 Jun 2021 06:48:30 GMT" time="26.957" errors="0">
  <testcase name="Test2" time="26.957" classname="AutomationInsent.InsentAI.SecondTest"/>
</testsuite> <!-- AutomationInsent.InsentAI.SecondTest -->
