<?xml version="1.0" encoding="UTF-8"?>
<!-- Generated by org.testng.reporters.JUnitReportReporter -->
<testsuite hostname="SATYAM" name="AutomationInsent.InsentAI.FirstTest" tests="1" failures="0" timestamp="6 Jun 2021 06:48:30 GMT" time="19.617" errors="0">
  <testcase name="Test1" time="19.617" classname="AutomationInsent.InsentAI.FirstTest"/>
</testsuite> <!-- AutomationInsent.InsentAI.FirstTest -->
