<?xml version="1.0" encoding="UTF-8"?>
<!-- Generated by org.testng.reporters.JUnitReportReporter -->
<testsuite hostname="SATYAM" name="AutomationInsent.InsentAI.FiveTest" tests="1" failures="0" timestamp="6 Jun 2021 06:48:30 GMT" time="24.544" errors="0">
  <testcase name="Test5" time="24.544" classname="AutomationInsent.InsentAI.FiveTest"/>
</testsuite> <!-- AutomationInsent.InsentAI.FiveTest -->
