<?xml version="1.0" encoding="UTF-8"?>
<testsuite xmlns:xsi="http://www.w3.org/2001/XMLSchema-instance" xsi:noNamespaceSchemaLocation="https://maven.apache.org/surefire/maven-surefire-plugin/xsd/surefire-test-report-3.0.xsd" version="3.0" name="TestSuite" time="170.224" tests="8" errors="0" skipped="0" failures="0">
  <properties>
    <property name="sun.desktop" value="windows"/>
    <property name="awt.toolkit" value="sun.awt.windows.WToolkit"/>
    <property name="file.encoding.pkg" value="sun.io"/>
    <property name="java.specification.version" value="1.8"/>
    <property name="webdriver.chrome.driver" value="C:\\Users\\Govt ITI 4\\Desktop\\shritansh\\selenium\\chromedriver_win32\\chromedriver.exe"/>
    <property name="sun.cpu.isalist" value="amd64"/>
    <property name="sun.jnu.encoding" value="Cp1252"/>
    <property name="java.class.path" value="C:\Users\Govt ITI 4\Desktop\shritansh\ECLIPSEWORKSPACE\InsentAI\target\test-classes;C:\Users\Govt ITI 4\Desktop\shritansh\ECLIPSEWORKSPACE\InsentAI\target\classes;C:\Users\Govt ITI 4\.m2\repository\org\seleniumhq\selenium\selenium-java\3.1.0\selenium-java-3.1.0.jar;C:\Users\Govt ITI 4\.m2\repository\org\seleniumhq\selenium\selenium-chrome-driver\3.1.0\selenium-chrome-driver-3.1.0.jar;C:\Users\Govt ITI 4\.m2\repository\org\seleniumhq\selenium\selenium-remote-driver\3.1.0\selenium-remote-driver-3.1.0.jar;C:\Users\Govt ITI 4\.m2\repository\cglib\cglib-nodep\3.2.4\cglib-nodep-3.2.4.jar;C:\Users\Govt ITI 4\.m2\repository\org\apache\commons\commons-exec\1.3\commons-exec-1.3.jar;C:\Users\Govt ITI 4\.m2\repository\com\google\guava\guava\21.0\guava-21.0.jar;C:\Users\Govt ITI 4\.m2\repository\net\java\dev\jna\jna-platform\4.1.0\jna-platform-4.1.0.jar;C:\Users\Govt ITI 4\.m2\repository\net\java\dev\jna\jna\4.1.0\jna-4.1.0.jar;C:\Users\Govt ITI 4\.m2\repository\org\seleniumhq\selenium\selenium-edge-driver\3.1.0\selenium-edge-driver-3.1.0.jar;C:\Users\Govt ITI 4\.m2\repository\org\seleniumhq\selenium\selenium-firefox-driver\3.1.0\selenium-firefox-driver-3.1.0.jar;C:\Users\Govt ITI 4\.m2\repository\org\seleniumhq\selenium\selenium-ie-driver\3.1.0\selenium-ie-driver-3.1.0.jar;C:\Users\Govt ITI 4\.m2\repository\org\seleniumhq\selenium\selenium-opera-driver\3.1.0\selenium-opera-driver-3.1.0.jar;C:\Users\Govt ITI 4\.m2\repository\org\seleniumhq\selenium\selenium-safari-driver\3.1.0\selenium-safari-driver-3.1.0.jar;C:\Users\Govt ITI 4\.m2\repository\org\seleniumhq\selenium\selenium-support\3.1.0\selenium-support-3.1.0.jar;C:\Users\Govt ITI 4\.m2\repository\net\sourceforge\htmlunit\htmlunit\2.23\htmlunit-2.23.jar;C:\Users\Govt ITI 4\.m2\repository\xalan\xalan\2.7.2\xalan-2.7.2.jar;C:\Users\Govt ITI 4\.m2\repository\xalan\serializer\2.7.2\serializer-2.7.2.jar;C:\Users\Govt ITI 4\.m2\repository\commons-codec\commons-codec\1.10\commons-codec-1.10.jar;C:\Users\Govt ITI 4\.m2\repository\net\sourceforge\htmlunit\htmlunit-core-js\2.23\htmlunit-core-js-2.23.jar;C:\Users\Govt ITI 4\.m2\repository\net\sourceforge\htmlunit\neko-htmlunit\2.23\neko-htmlunit-2.23.jar;C:\Users\Govt ITI 4\.m2\repository\xerces\xercesImpl\2.11.0\xercesImpl-2.11.0.jar;C:\Users\Govt ITI 4\.m2\repository\xml-apis\xml-apis\1.4.01\xml-apis-1.4.01.jar;C:\Users\Govt ITI 4\.m2\repository\net\sourceforge\cssparser\cssparser\0.9.20\cssparser-0.9.20.jar;C:\Users\Govt ITI 4\.m2\repository\org\w3c\css\sac\1.3\sac-1.3.jar;C:\Users\Govt ITI 4\.m2\repository\commons-logging\commons-logging\1.2\commons-logging-1.2.jar;C:\Users\Govt ITI 4\.m2\repository\com\codeborne\phantomjsdriver\1.3.0\phantomjsdriver-1.3.0.jar;C:\Users\Govt ITI 4\.m2\repository\org\eclipse\jetty\websocket\websocket-client\9.2.15.v20160210\websocket-client-9.2.15.v20160210.jar;C:\Users\Govt ITI 4\.m2\repository\org\eclipse\jetty\jetty-util\9.2.15.v20160210\jetty-util-9.2.15.v20160210.jar;C:\Users\Govt ITI 4\.m2\repository\org\eclipse\jetty\jetty-io\9.2.15.v20160210\jetty-io-9.2.15.v20160210.jar;C:\Users\Govt ITI 4\.m2\repository\org\eclipse\jetty\websocket\websocket-common\9.2.15.v20160210\websocket-common-9.2.15.v20160210.jar;C:\Users\Govt ITI 4\.m2\repository\org\eclipse\jetty\websocket\websocket-api\9.2.15.v20160210\websocket-api-9.2.15.v20160210.jar;C:\Users\Govt ITI 4\.m2\repository\org\testng\testng\6.7\testng-6.7.jar;C:\Users\Govt ITI 4\.m2\repository\junit\junit\4.10\junit-4.10.jar;C:\Users\Govt ITI 4\.m2\repository\org\beanshell\bsh\2.0b4\bsh-2.0b4.jar;C:\Users\Govt ITI 4\.m2\repository\com\beust\jcommander\1.12\jcommander-1.12.jar;C:\Users\Govt ITI 4\.m2\repository\org\yaml\snakeyaml\1.6\snakeyaml-1.6.jar;C:\Users\Govt ITI 4\.m2\repository\io\rest-assured\rest-assured\3.0.5\rest-assured-3.0.5.jar;C:\Users\Govt ITI 4\.m2\repository\org\codehaus\groovy\groovy\2.4.9\groovy-2.4.9.jar;C:\Users\Govt ITI 4\.m2\repository\org\codehaus\groovy\groovy-xml\2.4.9\groovy-xml-2.4.9.jar;C:\Users\Govt ITI 4\.m2\repository\org\apache\httpcomponents\httpclient\4.5.3\httpclient-4.5.3.jar;C:\Users\Govt ITI 4\.m2\repository\org\apache\httpcomponents\httpcore\4.4.6\httpcore-4.4.6.jar;C:\Users\Govt ITI 4\.m2\repository\org\apache\httpcomponents\httpmime\4.5.1\httpmime-4.5.1.jar;C:\Users\Govt ITI 4\.m2\repository\org\hamcrest\hamcrest-core\1.3\hamcrest-core-1.3.jar;C:\Users\Govt ITI 4\.m2\repository\org\hamcrest\hamcrest-library\1.3\hamcrest-library-1.3.jar;C:\Users\Govt ITI 4\.m2\repository\org\ccil\cowan\tagsoup\tagsoup\1.2.1\tagsoup-1.2.1.jar;C:\Users\Govt ITI 4\.m2\repository\io\rest-assured\json-path\3.0.5\json-path-3.0.5.jar;C:\Users\Govt ITI 4\.m2\repository\org\codehaus\groovy\groovy-json\2.4.9\groovy-json-2.4.9.jar;C:\Users\Govt ITI 4\.m2\repository\io\rest-assured\rest-assured-common\3.0.5\rest-assured-common-3.0.5.jar;C:\Users\Govt ITI 4\.m2\repository\io\rest-assured\xml-path\3.0.5\xml-path-3.0.5.jar;C:\Users\Govt ITI 4\.m2\repository\io\appium\java-client\5.0.4\java-client-5.0.4.jar;C:\Users\Govt ITI 4\.m2\repository\org\seleniumhq\selenium\selenium-api\3.6.0\selenium-api-3.6.0.jar;C:\Users\Govt ITI 4\.m2\repository\com\google\code\gson\gson\2.8.2\gson-2.8.2.jar;C:\Users\Govt ITI 4\.m2\repository\cglib\cglib\3.2.5\cglib-3.2.5.jar;C:\Users\Govt ITI 4\.m2\repository\org\ow2\asm\asm\5.2\asm-5.2.jar;C:\Users\Govt ITI 4\.m2\repository\org\apache\ant\ant\1.9.6\ant-1.9.6.jar;C:\Users\Govt ITI 4\.m2\repository\org\apache\ant\ant-launcher\1.9.6\ant-launcher-1.9.6.jar;C:\Users\Govt ITI 4\.m2\repository\commons-validator\commons-validator\1.6\commons-validator-1.6.jar;C:\Users\Govt ITI 4\.m2\repository\commons-beanutils\commons-beanutils\1.9.2\commons-beanutils-1.9.2.jar;C:\Users\Govt ITI 4\.m2\repository\commons-digester\commons-digester\1.8.1\commons-digester-1.8.1.jar;C:\Users\Govt ITI 4\.m2\repository\commons-collections\commons-collections\3.2.2\commons-collections-3.2.2.jar;C:\Users\Govt ITI 4\.m2\repository\org\apache\commons\commons-lang3\3.6\commons-lang3-3.6.jar;C:\Users\Govt ITI 4\.m2\repository\commons-io\commons-io\2.5\commons-io-2.5.jar;C:\Users\Govt ITI 4\.m2\repository\org\springframework\spring-context\5.0.0.RELEASE\spring-context-5.0.0.RELEASE.jar;C:\Users\Govt ITI 4\.m2\repository\org\springframework\spring-aop\5.0.0.RELEASE\spring-aop-5.0.0.RELEASE.jar;C:\Users\Govt ITI 4\.m2\repository\org\springframework\spring-beans\5.0.0.RELEASE\spring-beans-5.0.0.RELEASE.jar;C:\Users\Govt ITI 4\.m2\repository\org\springframework\spring-core\5.0.0.RELEASE\spring-core-5.0.0.RELEASE.jar;C:\Users\Govt ITI 4\.m2\repository\org\springframework\spring-jcl\5.0.0.RELEASE\spring-jcl-5.0.0.RELEASE.jar;C:\Users\Govt ITI 4\.m2\repository\org\springframework\spring-expression\5.0.0.RELEASE\spring-expression-5.0.0.RELEASE.jar;C:\Users\Govt ITI 4\.m2\repository\org\aspectj\aspectjweaver\1.8.11\aspectjweaver-1.8.11.jar;C:\Users\Govt ITI 4\.m2\repository\org\openpnp\opencv\3.2.0-1\opencv-3.2.0-1.jar;"/>
    <property name="java.vm.vendor" value="Oracle Corporation"/>
    <property name="sun.arch.data.model" value="64"/>
    <property name="user.variant" value=""/>
    <property name="java.vendor.url" value="http://java.oracle.com/"/>
    <property name="user.timezone" value="Asia/Calcutta"/>
    <property name="java.vm.specification.version" value="1.8"/>
    <property name="os.name" value="Windows 10"/>
    <property name="user.country" value="US"/>
    <property name="sun.java.launcher" value="SUN_STANDARD"/>
    <property name="sun.boot.library.path" value="C:\Program Files\Java\jdk1.8.0_291\jre\bin"/>
    <property name="sun.java.command" value="C:\Users\Govt ITI 4\AppData\Local\Temp\surefire2304350101140107229\surefirebooter2745689718838925827.jar C:\Users\Govt ITI 4\AppData\Local\Temp\surefire2304350101140107229 2021-06-06T12-15-39_137-jvmRun1 surefire3918759382623441389tmp surefire_03121728442046353480tmp"/>
    <property name="surefire.test.class.path" value="C:\Users\Govt ITI 4\Desktop\shritansh\ECLIPSEWORKSPACE\InsentAI\target\test-classes;C:\Users\Govt ITI 4\Desktop\shritansh\ECLIPSEWORKSPACE\InsentAI\target\classes;C:\Users\Govt ITI 4\.m2\repository\org\seleniumhq\selenium\selenium-java\3.1.0\selenium-java-3.1.0.jar;C:\Users\Govt ITI 4\.m2\repository\org\seleniumhq\selenium\selenium-chrome-driver\3.1.0\selenium-chrome-driver-3.1.0.jar;C:\Users\Govt ITI 4\.m2\repository\org\seleniumhq\selenium\selenium-remote-driver\3.1.0\selenium-remote-driver-3.1.0.jar;C:\Users\Govt ITI 4\.m2\repository\cglib\cglib-nodep\3.2.4\cglib-nodep-3.2.4.jar;C:\Users\Govt ITI 4\.m2\repository\org\apache\commons\commons-exec\1.3\commons-exec-1.3.jar;C:\Users\Govt ITI 4\.m2\repository\com\google\guava\guava\21.0\guava-21.0.jar;C:\Users\Govt ITI 4\.m2\repository\net\java\dev\jna\jna-platform\4.1.0\jna-platform-4.1.0.jar;C:\Users\Govt ITI 4\.m2\repository\net\java\dev\jna\jna\4.1.0\jna-4.1.0.jar;C:\Users\Govt ITI 4\.m2\repository\org\seleniumhq\selenium\selenium-edge-driver\3.1.0\selenium-edge-driver-3.1.0.jar;C:\Users\Govt ITI 4\.m2\repository\org\seleniumhq\selenium\selenium-firefox-driver\3.1.0\selenium-firefox-driver-3.1.0.jar;C:\Users\Govt ITI 4\.m2\repository\org\seleniumhq\selenium\selenium-ie-driver\3.1.0\selenium-ie-driver-3.1.0.jar;C:\Users\Govt ITI 4\.m2\repository\org\seleniumhq\selenium\selenium-opera-driver\3.1.0\selenium-opera-driver-3.1.0.jar;C:\Users\Govt ITI 4\.m2\repository\org\seleniumhq\selenium\selenium-safari-driver\3.1.0\selenium-safari-driver-3.1.0.jar;C:\Users\Govt ITI 4\.m2\repository\org\seleniumhq\selenium\selenium-support\3.1.0\selenium-support-3.1.0.jar;C:\Users\Govt ITI 4\.m2\repository\net\sourceforge\htmlunit\htmlunit\2.23\htmlunit-2.23.jar;C:\Users\Govt ITI 4\.m2\repository\xalan\xalan\2.7.2\xalan-2.7.2.jar;C:\Users\Govt ITI 4\.m2\repository\xalan\serializer\2.7.2\serializer-2.7.2.jar;C:\Users\Govt ITI 4\.m2\repository\commons-codec\commons-codec\1.10\commons-codec-1.10.jar;C:\Users\Govt ITI 4\.m2\repository\net\sourceforge\htmlunit\htmlunit-core-js\2.23\htmlunit-core-js-2.23.jar;C:\Users\Govt ITI 4\.m2\repository\net\sourceforge\htmlunit\neko-htmlunit\2.23\neko-htmlunit-2.23.jar;C:\Users\Govt ITI 4\.m2\repository\xerces\xercesImpl\2.11.0\xercesImpl-2.11.0.jar;C:\Users\Govt ITI 4\.m2\repository\xml-apis\xml-apis\1.4.01\xml-apis-1.4.01.jar;C:\Users\Govt ITI 4\.m2\repository\net\sourceforge\cssparser\cssparser\0.9.20\cssparser-0.9.20.jar;C:\Users\Govt ITI 4\.m2\repository\org\w3c\css\sac\1.3\sac-1.3.jar;C:\Users\Govt ITI 4\.m2\repository\commons-logging\commons-logging\1.2\commons-logging-1.2.jar;C:\Users\Govt ITI 4\.m2\repository\com\codeborne\phantomjsdriver\1.3.0\phantomjsdriver-1.3.0.jar;C:\Users\Govt ITI 4\.m2\repository\org\eclipse\jetty\websocket\websocket-client\9.2.15.v20160210\websocket-client-9.2.15.v20160210.jar;C:\Users\Govt ITI 4\.m2\repository\org\eclipse\jetty\jetty-util\9.2.15.v20160210\jetty-util-9.2.15.v20160210.jar;C:\Users\Govt ITI 4\.m2\repository\org\eclipse\jetty\jetty-io\9.2.15.v20160210\jetty-io-9.2.15.v20160210.jar;C:\Users\Govt ITI 4\.m2\repository\org\eclipse\jetty\websocket\websocket-common\9.2.15.v20160210\websocket-common-9.2.15.v20160210.jar;C:\Users\Govt ITI 4\.m2\repository\org\eclipse\jetty\websocket\websocket-api\9.2.15.v20160210\websocket-api-9.2.15.v20160210.jar;C:\Users\Govt ITI 4\.m2\repository\org\testng\testng\6.7\testng-6.7.jar;C:\Users\Govt ITI 4\.m2\repository\junit\junit\4.10\junit-4.10.jar;C:\Users\Govt ITI 4\.m2\repository\org\beanshell\bsh\2.0b4\bsh-2.0b4.jar;C:\Users\Govt ITI 4\.m2\repository\com\beust\jcommander\1.12\jcommander-1.12.jar;C:\Users\Govt ITI 4\.m2\repository\org\yaml\snakeyaml\1.6\snakeyaml-1.6.jar;C:\Users\Govt ITI 4\.m2\repository\io\rest-assured\rest-assured\3.0.5\rest-assured-3.0.5.jar;C:\Users\Govt ITI 4\.m2\repository\org\codehaus\groovy\groovy\2.4.9\groovy-2.4.9.jar;C:\Users\Govt ITI 4\.m2\repository\org\codehaus\groovy\groovy-xml\2.4.9\groovy-xml-2.4.9.jar;C:\Users\Govt ITI 4\.m2\repository\org\apache\httpcomponents\httpclient\4.5.3\httpclient-4.5.3.jar;C:\Users\Govt ITI 4\.m2\repository\org\apache\httpcomponents\httpcore\4.4.6\httpcore-4.4.6.jar;C:\Users\Govt ITI 4\.m2\repository\org\apache\httpcomponents\httpmime\4.5.1\httpmime-4.5.1.jar;C:\Users\Govt ITI 4\.m2\repository\org\hamcrest\hamcrest-core\1.3\hamcrest-core-1.3.jar;C:\Users\Govt ITI 4\.m2\repository\org\hamcrest\hamcrest-library\1.3\hamcrest-library-1.3.jar;C:\Users\Govt ITI 4\.m2\repository\org\ccil\cowan\tagsoup\tagsoup\1.2.1\tagsoup-1.2.1.jar;C:\Users\Govt ITI 4\.m2\repository\io\rest-assured\json-path\3.0.5\json-path-3.0.5.jar;C:\Users\Govt ITI 4\.m2\repository\org\codehaus\groovy\groovy-json\2.4.9\groovy-json-2.4.9.jar;C:\Users\Govt ITI 4\.m2\repository\io\rest-assured\rest-assured-common\3.0.5\rest-assured-common-3.0.5.jar;C:\Users\Govt ITI 4\.m2\repository\io\rest-assured\xml-path\3.0.5\xml-path-3.0.5.jar;C:\Users\Govt ITI 4\.m2\repository\io\appium\java-client\5.0.4\java-client-5.0.4.jar;C:\Users\Govt ITI 4\.m2\repository\org\seleniumhq\selenium\selenium-api\3.6.0\selenium-api-3.6.0.jar;C:\Users\Govt ITI 4\.m2\repository\com\google\code\gson\gson\2.8.2\gson-2.8.2.jar;C:\Users\Govt ITI 4\.m2\repository\cglib\cglib\3.2.5\cglib-3.2.5.jar;C:\Users\Govt ITI 4\.m2\repository\org\ow2\asm\asm\5.2\asm-5.2.jar;C:\Users\Govt ITI 4\.m2\repository\org\apache\ant\ant\1.9.6\ant-1.9.6.jar;C:\Users\Govt ITI 4\.m2\repository\org\apache\ant\ant-launcher\1.9.6\ant-launcher-1.9.6.jar;C:\Users\Govt ITI 4\.m2\repository\commons-validator\commons-validator\1.6\commons-validator-1.6.jar;C:\Users\Govt ITI 4\.m2\repository\commons-beanutils\commons-beanutils\1.9.2\commons-beanutils-1.9.2.jar;C:\Users\Govt ITI 4\.m2\repository\commons-digester\commons-digester\1.8.1\commons-digester-1.8.1.jar;C:\Users\Govt ITI 4\.m2\repository\commons-collections\commons-collections\3.2.2\commons-collections-3.2.2.jar;C:\Users\Govt ITI 4\.m2\repository\org\apache\commons\commons-lang3\3.6\commons-lang3-3.6.jar;C:\Users\Govt ITI 4\.m2\repository\commons-io\commons-io\2.5\commons-io-2.5.jar;C:\Users\Govt ITI 4\.m2\repository\org\springframework\spring-context\5.0.0.RELEASE\spring-context-5.0.0.RELEASE.jar;C:\Users\Govt ITI 4\.m2\repository\org\springframework\spring-aop\5.0.0.RELEASE\spring-aop-5.0.0.RELEASE.jar;C:\Users\Govt ITI 4\.m2\repository\org\springframework\spring-beans\5.0.0.RELEASE\spring-beans-5.0.0.RELEASE.jar;C:\Users\Govt ITI 4\.m2\repository\org\springframework\spring-core\5.0.0.RELEASE\spring-core-5.0.0.RELEASE.jar;C:\Users\Govt ITI 4\.m2\repository\org\springframework\spring-jcl\5.0.0.RELEASE\spring-jcl-5.0.0.RELEASE.jar;C:\Users\Govt ITI 4\.m2\repository\org\springframework\spring-expression\5.0.0.RELEASE\spring-expression-5.0.0.RELEASE.jar;C:\Users\Govt ITI 4\.m2\repository\org\aspectj\aspectjweaver\1.8.11\aspectjweaver-1.8.11.jar;C:\Users\Govt ITI 4\.m2\repository\org\openpnp\opencv\3.2.0-1\opencv-3.2.0-1.jar;"/>
    <property name="sun.cpu.endian" value="little"/>
    <property name="user.home" value="C:\Users\Govt ITI 4"/>
    <property name="user.language" value="en"/>
    <property name="java.specification.vendor" value="Oracle Corporation"/>
    <property name="java.home" value="C:\Program Files\Java\jdk1.8.0_291\jre"/>
    <property name="basedir" value="C:\Users\Govt ITI 4\Desktop\shritansh\ECLIPSEWORKSPACE\InsentAI"/>
    <property name="file.separator" value="\"/>
    <property name="line.separator" value="&#10;"/>
    <property name="java.vm.specification.vendor" value="Oracle Corporation"/>
    <property name="java.specification.name" value="Java Platform API Specification"/>
    <property name="java.awt.graphicsenv" value="sun.awt.Win32GraphicsEnvironment"/>
    <property name="surefire.real.class.path" value="C:\Users\Govt ITI 4\AppData\Local\Temp\surefire2304350101140107229\surefirebooter2745689718838925827.jar"/>
    <property name="sun.boot.class.path" value="C:\Program Files\Java\jdk1.8.0_291\jre\lib\resources.jar;C:\Program Files\Java\jdk1.8.0_291\jre\lib\rt.jar;C:\Program Files\Java\jdk1.8.0_291\jre\lib\sunrsasign.jar;C:\Program Files\Java\jdk1.8.0_291\jre\lib\jsse.jar;C:\Program Files\Java\jdk1.8.0_291\jre\lib\jce.jar;C:\Program Files\Java\jdk1.8.0_291\jre\lib\charsets.jar;C:\Program Files\Java\jdk1.8.0_291\jre\lib\jfr.jar;C:\Program Files\Java\jdk1.8.0_291\jre\classes"/>
    <property name="user.script" value=""/>
    <property name="sun.management.compiler" value="HotSpot 64-Bit Tiered Compilers"/>
    <property name="java.runtime.version" value="1.8.0_291-b10"/>
    <property name="user.name" value="Govt ITI 4"/>
    <property name="path.separator" value=";"/>
    <property name="os.version" value="10.0"/>
    <property name="java.endorsed.dirs" value="C:\Program Files\Java\jdk1.8.0_291\jre\lib\endorsed"/>
    <property name="java.runtime.name" value="Java(TM) SE Runtime Environment"/>
    <property name="file.encoding" value="Cp1252"/>
    <property name="java.vm.name" value="Java HotSpot(TM) 64-Bit Server VM"/>
    <property name="localRepository" value="C:\Users\Govt ITI 4\.m2\repository"/>
    <property name="java.vendor.url.bug" value="http://bugreport.sun.com/bugreport/"/>
    <property name="java.io.tmpdir" value="C:\Users\Govt ITI 4\AppData\Local\Temp\"/>
    <property name="java.version" value="1.8.0_291"/>
    <property name="user.dir" value="C:\Users\Govt ITI 4\Desktop\shritansh\ECLIPSEWORKSPACE\InsentAI"/>
    <property name="os.arch" value="amd64"/>
    <property name="java.vm.specification.name" value="Java Virtual Machine Specification"/>
    <property name="java.awt.printerjob" value="sun.awt.windows.WPrinterJob"/>
    <property name="sun.os.patch.level" value=""/>
    <property name="java.library.path" value="C:\Program Files\Java\jdk1.8.0_291\jre\bin;C:\WINDOWS\Sun\Java\bin;C:\WINDOWS\system32;C:\WINDOWS;C:\Program Files (x86)\Common Files\Oracle\Java\javapath;C:\WINDOWS\system32;C:\WINDOWS;C:\WINDOWS\System32\Wbem;C:\WINDOWS\System32\WindowsPowerShell\v1.0\;C:\WINDOWS\System32\OpenSSH\;C:\Program Files\Java\jdk1.8.0_291\bin;C:\Program Files\Common Files\Autodesk Shared\;C:\Program Files\Microsoft SQL Server\120\Tools\Binn\;C:\Users\Govt ITI 4\Desktop\shritansh\maven\apache-maven-3.8.1\bin;C:\Users\Govt ITI 4\AppData\Local\Microsoft\WindowsApps;."/>
    <property name="java.vm.info" value="mixed mode"/>
    <property name="java.vendor" value="Oracle Corporation"/>
    <property name="java.vm.version" value="25.291-b10"/>
    <property name="java.ext.dirs" value="C:\Program Files\Java\jdk1.8.0_291\jre\lib\ext;C:\WINDOWS\Sun\Java\lib\ext"/>
    <property name="sun.io.unicode.encoding" value="UnicodeLittle"/>
    <property name="java.class.version" value="52.0"/>
  </properties>
  <testcase name="Test4" classname="AutomationInsent.InsentAI.FourTest" time="21.291">
    <system-err><![CDATA[Starting ChromeDriver 89.0.4389.23 (61b08ee2c50024bab004e48d2b1b083cdbdac579-refs/branch-heads/4389@{#294}) on port 41114
Only local connections are allowed.
Please see https://chromedriver.chromium.org/security-considerations for suggestions on keeping ChromeDriver safe.
ChromeDriver was started successfully.
[1622961944.696][WARNING]: This version of ChromeDriver has not been tested with Chrome version 90.
[1622961946.562][WARNING]: This version of ChromeDriver has not been tested with Chrome version 90.
Jun 06, 2021 12:15:46 PM org.openqa.selenium.remote.ProtocolHandshake createSession
INFO: Detected dialect: OSS
]]></system-err>
  </testcase>
  <testcase name="Test5" classname="AutomationInsent.InsentAI.FiveTest" time="24.51">
    <system-err><![CDATA[Starting ChromeDriver 89.0.4389.23 (61b08ee2c50024bab004e48d2b1b083cdbdac579-refs/branch-heads/4389@{#294}) on port 32521
Only local connections are allowed.
Please see https://chromedriver.chromium.org/security-considerations for suggestions on keeping ChromeDriver safe.
ChromeDriver was started successfully.
[1622961966.759][WARNING]: This version of ChromeDriver has not been tested with Chrome version 90.
[1622961969.060][WARNING]: This version of ChromeDriver has not been tested with Chrome version 90.
Jun 06, 2021 12:16:09 PM org.openqa.selenium.remote.ProtocolHandshake createSession
INFO: Detected dialect: OSS
]]></system-err>
  </testcase>
  <testcase name="Test1" classname="AutomationInsent.InsentAI.FirstTest" time="19.644">
    <system-err><![CDATA[Starting ChromeDriver 89.0.4389.23 (61b08ee2c50024bab004e48d2b1b083cdbdac579-refs/branch-heads/4389@{#294}) on port 39176
Only local connections are allowed.
Please see https://chromedriver.chromium.org/security-considerations for suggestions on keeping ChromeDriver safe.
ChromeDriver was started successfully.
[1622961991.183][WARNING]: This version of ChromeDriver has not been tested with Chrome version 90.
[1622961992.900][WARNING]: This version of ChromeDriver has not been tested with Chrome version 90.
Jun 06, 2021 12:16:32 PM org.openqa.selenium.remote.ProtocolHandshake createSession
INFO: Detected dialect: OSS
]]></system-err>
  </testcase>
  <testcase name="Test3" classname="AutomationInsent.InsentAI.ThreeTest" time="23.385">
    <system-err><![CDATA[Starting ChromeDriver 89.0.4389.23 (61b08ee2c50024bab004e48d2b1b083cdbdac579-refs/branch-heads/4389@{#294}) on port 12690
Only local connections are allowed.
Please see https://chromedriver.chromium.org/security-considerations for suggestions on keeping ChromeDriver safe.
ChromeDriver was started successfully.
[1622962011.982][WARNING]: This version of ChromeDriver has not been tested with Chrome version 90.
[1622962014.374][WARNING]: This version of ChromeDriver has not been tested with Chrome version 90.
Jun 06, 2021 12:16:54 PM org.openqa.selenium.remote.ProtocolHandshake createSession
INFO: Detected dialect: OSS
]]></system-err>
  </testcase>
  <testcase name="Login1" classname="AutomationInsent.InsentAI.loginTest" time="14.824">
    <system-err><![CDATA[Starting ChromeDriver 89.0.4389.23 (61b08ee2c50024bab004e48d2b1b083cdbdac579-refs/branch-heads/4389@{#294}) on port 27262
Only local connections are allowed.
Please see https://chromedriver.chromium.org/security-considerations for suggestions on keeping ChromeDriver safe.
ChromeDriver was started successfully.
[1622962033.597][WARNING]: This version of ChromeDriver has not been tested with Chrome version 90.
[1622962035.458][WARNING]: This version of ChromeDriver has not been tested with Chrome version 90.
Jun 06, 2021 12:17:16 PM org.openqa.selenium.remote.ProtocolHandshake createSession
INFO: Detected dialect: OSS
]]></system-err>
  </testcase>
  <testcase name="Login2" classname="AutomationInsent.InsentAI.loginTest" time="16.157">
    <system-err><![CDATA[Starting ChromeDriver 89.0.4389.23 (61b08ee2c50024bab004e48d2b1b083cdbdac579-refs/branch-heads/4389@{#294}) on port 36289
Only local connections are allowed.
Please see https://chromedriver.chromium.org/security-considerations for suggestions on keeping ChromeDriver safe.
ChromeDriver was started successfully.
[1622962049.163][WARNING]: This version of ChromeDriver has not been tested with Chrome version 90.
[1622962054.071][WARNING]: This version of ChromeDriver has not been tested with Chrome version 90.
Jun 06, 2021 12:17:34 PM org.openqa.selenium.remote.ProtocolHandshake createSession
INFO: Detected dialect: OSS
]]></system-err>
  </testcase>
  <testcase name="Login3" classname="AutomationInsent.InsentAI.loginTest" time="18.78">
    <system-err><![CDATA[Starting ChromeDriver 89.0.4389.23 (61b08ee2c50024bab004e48d2b1b083cdbdac579-refs/branch-heads/4389@{#294}) on port 3637
Only local connections are allowed.
Please see https://chromedriver.chromium.org/security-considerations for suggestions on keeping ChromeDriver safe.
ChromeDriver was started successfully.
[1622962066.783][WARNING]: This version of ChromeDriver has not been tested with Chrome version 90.
[1622962070.367][WARNING]: This version of ChromeDriver has not been tested with Chrome version 90.
Jun 06, 2021 12:17:50 PM org.openqa.selenium.remote.ProtocolHandshake createSession
INFO: Detected dialect: OSS
]]></system-err>
  </testcase>
  <testcase name="Test2" classname="AutomationInsent.InsentAI.SecondTest" time="26.513">
    <system-err><![CDATA[Starting ChromeDriver 89.0.4389.23 (61b08ee2c50024bab004e48d2b1b083cdbdac579-refs/branch-heads/4389@{#294}) on port 29031
Only local connections are allowed.
Please see https://chromedriver.chromium.org/security-considerations for suggestions on keeping ChromeDriver safe.
ChromeDriver was started successfully.
[1622962085.600][WARNING]: This version of ChromeDriver has not been tested with Chrome version 90.
[1622962088.398][WARNING]: This version of ChromeDriver has not been tested with Chrome version 90.
Jun 06, 2021 12:18:08 PM org.openqa.selenium.remote.ProtocolHandshake createSession
INFO: Detected dialect: OSS
]]></system-err>
  </testcase>
</testsuite>